<?xml version="1.0" encoding="UTF-8"?>
<coverage generated="1510907991677" clover="3.2.0">
  <project timestamp="1510907991677" name="All files">
    <metrics statements="14" coveredstatements="14" conditionals="15" coveredconditionals="15" methods="3" coveredmethods="3" elements="32" coveredelements="32" complexity="0" loc="14" ncloc="14" packages="1" files="1" classes="1">
      <file name="memorycard.js" path="C:\cygwin64\home\user\dbwebb-kurser\ramverk2\me\redovisa\rv2me\src\Memory\memorycard.js">
        <metrics statements="14" coveredstatements="14" conditionals="15" coveredconditionals="15" methods="3" coveredmethods="3"/>
        <line num="15" count="28" type="cond" truecount="2" falsecount="0"/>
        <line num="16" count="28" type="cond" truecount="2" falsecount="0"/>
        <line num="19" count="28" type="cond" truecount="2" falsecount="0"/>
        <line num="22" count="28" type="stmt"/>
        <line num="23" count="28" type="stmt"/>
        <line num="39" count="14" type="cond" truecount="4" falsecount="0"/>
        <line num="40" count="2" type="stmt"/>
        <line num="43" count="12" type="stmt"/>
        <line num="44" count="12" type="stmt"/>
        <line num="45" count="12" type="stmt"/>
        <line num="58" count="14" type="cond" truecount="4" falsecount="0"/>
        <line num="59" count="2" type="stmt"/>
        <line num="62" count="12" type="stmt"/>
        <line num="69" count="1" type="stmt"/>
      </file>
    </metrics>
  </project>
</coverage>
